[0m[1mmodule.s3.aws_iam_instance_profile.ec2_instance_profile: Refreshing state... [id=prod-EC2_instance_profile][0m
[0m[1mmodule.vpc.aws_vpc.ProjectVPC: Refreshing state... [id=vpc-0182af36bfab6965a][0m
[0m[1mmodule.s3.aws_s3_bucket.s3_bucket: Refreshing state... [id=prod-day30-chirag][0m
[0m[1mmodule.vpc.aws_internet_gateway.Project_igw: Refreshing state... [id=igw-0a59b538d9cc148a1][0m
[0m[1mmodule.vpc.aws_subnet.Project_public_subnet: Refreshing state... [id=subnet-0930bee554e5d166b][0m
[0m[1mmodule.vpc.aws_security_group.ec2_sg_ssh: Refreshing state... [id=sg-0b60abb09afc5c322][0m
[0m[1mmodule.vpc.aws_route_table.Project_public_rt: Refreshing state... [id=rtb-0d26fdc5780c4d899][0m
[0m[1mmodule.ec2.aws_instance.webserver: Refreshing state... [id=i-0841eea8fe8b38229][0m
[0m[1mmodule.s3.aws_s3_bucket_policy.s3_policy: Refreshing state... [id=prod-day30-chirag][0m
[0m[1mmodule.vpc.aws_route_table_association.Project_public_rt_assoc: Refreshing state... [id=rtbassoc-0ca4e29d053dbc2f3][0m

Terraform used the selected providers to generate the following execution
plan. Resource actions are indicated with the following symbols:
  [31m-[0m destroy[0m

Terraform will perform the following actions:

[1m  # module.ec2.aws_instance.webserver[0m will be [1m[31mdestroyed[0m
[0m  [31m-[0m[0m resource "aws_instance" "webserver" {
      [31m-[0m[0m ami                                  = "ami-05134c8ef96964280" [90m-> null[0m[0m
      [31m-[0m[0m arn                                  = "arn:aws:ec2:us-west-2:021891610828:instance/i-0841eea8fe8b38229" [90m-> null[0m[0m
      [31m-[0m[0m associate_public_ip_address          = true [90m-> null[0m[0m
      [31m-[0m[0m availability_zone                    = "us-west-2c" [90m-> null[0m[0m
      [31m-[0m[0m cpu_core_count                       = 1 [90m-> null[0m[0m
      [31m-[0m[0m cpu_threads_per_core                 = 1 [90m-> null[0m[0m
      [31m-[0m[0m disable_api_stop                     = false [90m-> null[0m[0m
      [31m-[0m[0m disable_api_termination              = false [90m-> null[0m[0m
      [31m-[0m[0m ebs_optimized                        = false [90m-> null[0m[0m
      [31m-[0m[0m get_password_data                    = false [90m-> null[0m[0m
      [31m-[0m[0m hibernation                          = false [90m-> null[0m[0m
      [31m-[0m[0m iam_instance_profile                 = "prod-EC2_instance_profile" [90m-> null[0m[0m
      [31m-[0m[0m id                                   = "i-0841eea8fe8b38229" [90m-> null[0m[0m
      [31m-[0m[0m instance_initiated_shutdown_behavior = "stop" [90m-> null[0m[0m
      [31m-[0m[0m instance_state                       = "running" [90m-> null[0m[0m
      [31m-[0m[0m instance_type                        = "t2.micro" [90m-> null[0m[0m
      [31m-[0m[0m ipv6_address_count                   = 0 [90m-> null[0m[0m
      [31m-[0m[0m ipv6_addresses                       = [] [90m-> null[0m[0m
      [31m-[0m[0m key_name                             = "terraform-chirag-key" [90m-> null[0m[0m
      [31m-[0m[0m monitoring                           = false [90m-> null[0m[0m
      [31m-[0m[0m placement_partition_number           = 0 [90m-> null[0m[0m
      [31m-[0m[0m primary_network_interface_id         = "eni-0bd4ff431713e15d1" [90m-> null[0m[0m
      [31m-[0m[0m private_dns                          = "ip-10-1-1-15.us-west-2.compute.internal" [90m-> null[0m[0m
      [31m-[0m[0m private_ip                           = "10.1.1.15" [90m-> null[0m[0m
      [31m-[0m[0m public_ip                            = "54.214.120.117" [90m-> null[0m[0m
      [31m-[0m[0m secondary_private_ips                = [] [90m-> null[0m[0m
      [31m-[0m[0m security_groups                      = [] [90m-> null[0m[0m
      [31m-[0m[0m source_dest_check                    = true [90m-> null[0m[0m
      [31m-[0m[0m subnet_id                            = "subnet-0930bee554e5d166b" [90m-> null[0m[0m
      [31m-[0m[0m tags                                 = {
          [31m-[0m[0m "Name" = "prod-Webserver-chirag"
        } [90m-> null[0m[0m
      [31m-[0m[0m tags_all                             = {
          [31m-[0m[0m "Name" = "prod-Webserver-chirag"
        } [90m-> null[0m[0m
      [31m-[0m[0m tenancy                              = "default" [90m-> null[0m[0m
      [31m-[0m[0m user_data_replace_on_change          = false [90m-> null[0m[0m
      [31m-[0m[0m vpc_security_group_ids               = [
          [31m-[0m[0m "sg-0b60abb09afc5c322",
        ] [90m-> null[0m[0m
        [90m# (7 unchanged attributes hidden)[0m[0m

      [31m-[0m[0m capacity_reservation_specification {
          [31m-[0m[0m capacity_reservation_preference = "open" [90m-> null[0m[0m
        }

      [31m-[0m[0m cpu_options {
          [31m-[0m[0m core_count       = 1 [90m-> null[0m[0m
          [31m-[0m[0m threads_per_core = 1 [90m-> null[0m[0m
            [90m# (1 unchanged attribute hidden)[0m[0m
        }

      [31m-[0m[0m credit_specification {
          [31m-[0m[0m cpu_credits = "standard" [90m-> null[0m[0m
        }

      [31m-[0m[0m enclave_options {
          [31m-[0m[0m enabled = false [90m-> null[0m[0m
        }

      [31m-[0m[0m maintenance_options {
          [31m-[0m[0m auto_recovery = "default" [90m-> null[0m[0m
        }

      [31m-[0m[0m metadata_options {
          [31m-[0m[0m http_endpoint               = "enabled" [90m-> null[0m[0m
          [31m-[0m[0m http_protocol_ipv6          = "disabled" [90m-> null[0m[0m
          [31m-[0m[0m http_put_response_hop_limit = 2 [90m-> null[0m[0m
          [31m-[0m[0m http_tokens                 = "required" [90m-> null[0m[0m
          [31m-[0m[0m instance_metadata_tags      = "disabled" [90m-> null[0m[0m
        }

      [31m-[0m[0m private_dns_name_options {
          [31m-[0m[0m enable_resource_name_dns_a_record    = false [90m-> null[0m[0m
          [31m-[0m[0m enable_resource_name_dns_aaaa_record = false [90m-> null[0m[0m
          [31m-[0m[0m hostname_type                        = "ip-name" [90m-> null[0m[0m
        }

      [31m-[0m[0m root_block_device {
          [31m-[0m[0m delete_on_termination = true [90m-> null[0m[0m
          [31m-[0m[0m device_name           = "/dev/sda1" [90m-> null[0m[0m
          [31m-[0m[0m encrypted             = false [90m-> null[0m[0m
          [31m-[0m[0m iops                  = 3000 [90m-> null[0m[0m
          [31m-[0m[0m tags                  = {} [90m-> null[0m[0m
          [31m-[0m[0m tags_all              = {} [90m-> null[0m[0m
          [31m-[0m[0m throughput            = 125 [90m-> null[0m[0m
          [31m-[0m[0m volume_id             = "vol-0e1051101cd1d59bc" [90m-> null[0m[0m
          [31m-[0m[0m volume_size           = 8 [90m-> null[0m[0m
          [31m-[0m[0m volume_type           = "gp3" [90m-> null[0m[0m
            [90m# (1 unchanged attribute hidden)[0m[0m
        }
    }

[1m  # module.s3.aws_iam_instance_profile.ec2_instance_profile[0m will be [1m[31mdestroyed[0m
[0m  [31m-[0m[0m resource "aws_iam_instance_profile" "ec2_instance_profile" {
      [31m-[0m[0m arn         = "arn:aws:iam::021891610828:instance-profile/prod-EC2_instance_profile" [90m-> null[0m[0m
      [31m-[0m[0m create_date = "2024-08-23T09:03:09Z" [90m-> null[0m[0m
      [31m-[0m[0m id          = "prod-EC2_instance_profile" [90m-> null[0m[0m
      [31m-[0m[0m name        = "prod-EC2_instance_profile" [90m-> null[0m[0m
      [31m-[0m[0m path        = "/" [90m-> null[0m[0m
      [31m-[0m[0m role        = "EC2-S3-Role" [90m-> null[0m[0m
      [31m-[0m[0m tags        = {} [90m-> null[0m[0m
      [31m-[0m[0m tags_all    = {} [90m-> null[0m[0m
      [31m-[0m[0m unique_id   = "AIPAQKGGXPDGOBTBKI622" [90m-> null[0m[0m
        [90m# (1 unchanged attribute hidden)[0m[0m
    }

[1m  # module.s3.aws_s3_bucket.s3_bucket[0m will be [1m[31mdestroyed[0m
[0m  [31m-[0m[0m resource "aws_s3_bucket" "s3_bucket" {
      [31m-[0m[0m arn                         = "arn:aws:s3:::prod-day30-chirag" [90m-> null[0m[0m
      [31m-[0m[0m bucket                      = "prod-day30-chirag" [90m-> null[0m[0m
      [31m-[0m[0m bucket_domain_name          = "prod-day30-chirag.s3.amazonaws.com" [90m-> null[0m[0m
      [31m-[0m[0m bucket_regional_domain_name = "prod-day30-chirag.s3.us-west-2.amazonaws.com" [90m-> null[0m[0m
      [31m-[0m[0m force_destroy               = false [90m-> null[0m[0m
      [31m-[0m[0m hosted_zone_id              = "Z3BJ6K6RIION7M" [90m-> null[0m[0m
      [31m-[0m[0m id                          = "prod-day30-chirag" [90m-> null[0m[0m
      [31m-[0m[0m object_lock_enabled         = false [90m-> null[0m[0m
      [31m-[0m[0m policy                      = jsonencode(
            {
              [31m-[0m[0m Statement = [
                  [31m-[0m[0m {
                      [31m-[0m[0m Action    = [
                          [31m-[0m[0m "s3:GetObject",
                          [31m-[0m[0m "s3:PutObject",
                          [31m-[0m[0m "s3:ListBucket",
                        ]
                      [31m-[0m[0m Effect    = "Allow"
                      [31m-[0m[0m Principal = {
                          [31m-[0m[0m AWS = "arn:aws:iam::021891610828:role/EC2-S3-Role"
                        }
                      [31m-[0m[0m Resource  = [
                          [31m-[0m[0m "arn:aws:s3:::prod-day30-chirag",
                          [31m-[0m[0m "arn:aws:s3:::prod-day30-chirag/*",
                        ]
                    },
                ]
              [31m-[0m[0m Version   = "2012-10-17"
            }
        ) [90m-> null[0m[0m
      [31m-[0m[0m region                      = "us-west-2" [90m-> null[0m[0m
      [31m-[0m[0m request_payer               = "BucketOwner" [90m-> null[0m[0m
      [31m-[0m[0m tags                        = {
          [31m-[0m[0m "Name" = "prod-day30-chirag"
        } [90m-> null[0m[0m
      [31m-[0m[0m tags_all                    = {
          [31m-[0m[0m "Name" = "prod-day30-chirag"
        } [90m-> null[0m[0m
        [90m# (2 unchanged attributes hidden)[0m[0m

      [31m-[0m[0m grant {
          [31m-[0m[0m id          = "5acf748572842a7c8519cdf70716d16962a6017dada5a0f2017cc72ab173e867" [90m-> null[0m[0m
          [31m-[0m[0m permissions = [
              [31m-[0m[0m "FULL_CONTROL",
            ] [90m-> null[0m[0m
          [31m-[0m[0m type        = "CanonicalUser" [90m-> null[0m[0m
            [90m# (1 unchanged attribute hidden)[0m[0m
        }

      [31m-[0m[0m server_side_encryption_configuration {
          [31m-[0m[0m rule {
              [31m-[0m[0m bucket_key_enabled = false [90m-> null[0m[0m

              [31m-[0m[0m apply_server_side_encryption_by_default {
                  [31m-[0m[0m sse_algorithm     = "AES256" [90m-> null[0m[0m
                    [90m# (1 unchanged attribute hidden)[0m[0m
                }
            }
        }

      [31m-[0m[0m versioning {
          [31m-[0m[0m enabled    = false [90m-> null[0m[0m
          [31m-[0m[0m mfa_delete = false [90m-> null[0m[0m
        }
    }

[1m  # module.s3.aws_s3_bucket_policy.s3_policy[0m will be [1m[31mdestroyed[0m
[0m  [31m-[0m[0m resource "aws_s3_bucket_policy" "s3_policy" {
      [31m-[0m[0m bucket = "prod-day30-chirag" [90m-> null[0m[0m
      [31m-[0m[0m id     = "prod-day30-chirag" [90m-> null[0m[0m
      [31m-[0m[0m policy = jsonencode(
            {
              [31m-[0m[0m Statement = [
                  [31m-[0m[0m {
                      [31m-[0m[0m Action    = [
                          [31m-[0m[0m "s3:GetObject",
                          [31m-[0m[0m "s3:PutObject",
                          [31m-[0m[0m "s3:ListBucket",
                        ]
                      [31m-[0m[0m Effect    = "Allow"
                      [31m-[0m[0m Principal = {
                          [31m-[0m[0m AWS = "arn:aws:iam::021891610828:role/EC2-S3-Role"
                        }
                      [31m-[0m[0m Resource  = [
                          [31m-[0m[0m "arn:aws:s3:::prod-day30-chirag",
                          [31m-[0m[0m "arn:aws:s3:::prod-day30-chirag/*",
                        ]
                    },
                ]
              [31m-[0m[0m Version   = "2012-10-17"
            }
        ) [90m-> null[0m[0m
    }

[1m  # module.vpc.aws_internet_gateway.Project_igw[0m will be [1m[31mdestroyed[0m
[0m  [31m-[0m[0m resource "aws_internet_gateway" "Project_igw" {
      [31m-[0m[0m arn      = "arn:aws:ec2:us-west-2:021891610828:internet-gateway/igw-0a59b538d9cc148a1" [90m-> null[0m[0m
      [31m-[0m[0m id       = "igw-0a59b538d9cc148a1" [90m-> null[0m[0m
      [31m-[0m[0m owner_id = "021891610828" [90m-> null[0m[0m
      [31m-[0m[0m tags     = {
          [31m-[0m[0m "Name" = "prod-chirag"
        } [90m-> null[0m[0m
      [31m-[0m[0m tags_all = {
          [31m-[0m[0m "Name" = "prod-chirag"
        } [90m-> null[0m[0m
      [31m-[0m[0m vpc_id   = "vpc-0182af36bfab6965a" [90m-> null[0m[0m
    }

[1m  # module.vpc.aws_route_table.Project_public_rt[0m will be [1m[31mdestroyed[0m
[0m  [31m-[0m[0m resource "aws_route_table" "Project_public_rt" {
      [31m-[0m[0m arn              = "arn:aws:ec2:us-west-2:021891610828:route-table/rtb-0d26fdc5780c4d899" [90m-> null[0m[0m
      [31m-[0m[0m id               = "rtb-0d26fdc5780c4d899" [90m-> null[0m[0m
      [31m-[0m[0m owner_id         = "021891610828" [90m-> null[0m[0m
      [31m-[0m[0m propagating_vgws = [] [90m-> null[0m[0m
      [31m-[0m[0m route            = [
          [31m-[0m[0m {
              [31m-[0m[0m cidr_block                 = "0.0.0.0/0"
              [31m-[0m[0m gateway_id                 = "igw-0a59b538d9cc148a1"
                [90m# (11 unchanged attributes hidden)[0m[0m
            },
        ] [90m-> null[0m[0m
      [31m-[0m[0m tags             = {} [90m-> null[0m[0m
      [31m-[0m[0m tags_all         = {} [90m-> null[0m[0m
      [31m-[0m[0m vpc_id           = "vpc-0182af36bfab6965a" [90m-> null[0m[0m
    }

[1m  # module.vpc.aws_route_table_association.Project_public_rt_assoc[0m will be [1m[31mdestroyed[0m
[0m  [31m-[0m[0m resource "aws_route_table_association" "Project_public_rt_assoc" {
      [31m-[0m[0m id             = "rtbassoc-0ca4e29d053dbc2f3" [90m-> null[0m[0m
      [31m-[0m[0m route_table_id = "rtb-0d26fdc5780c4d899" [90m-> null[0m[0m
      [31m-[0m[0m subnet_id      = "subnet-0930bee554e5d166b" [90m-> null[0m[0m
        [90m# (1 unchanged attribute hidden)[0m[0m
    }

[1m  # module.vpc.aws_security_group.ec2_sg_ssh[0m will be [1m[31mdestroyed[0m
[0m  [31m-[0m[0m resource "aws_security_group" "ec2_sg_ssh" {
      [31m-[0m[0m arn                    = "arn:aws:ec2:us-west-2:021891610828:security-group/sg-0b60abb09afc5c322" [90m-> null[0m[0m
      [31m-[0m[0m description            = "Managed by Terraform" [90m-> null[0m[0m
      [31m-[0m[0m egress                 = [
          [31m-[0m[0m {
              [31m-[0m[0m cidr_blocks      = [
                  [31m-[0m[0m "0.0.0.0/0",
                ]
              [31m-[0m[0m from_port        = 0
              [31m-[0m[0m ipv6_cidr_blocks = []
              [31m-[0m[0m prefix_list_ids  = []
              [31m-[0m[0m protocol         = "-1"
              [31m-[0m[0m security_groups  = []
              [31m-[0m[0m self             = false
              [31m-[0m[0m to_port          = 0
                [90m# (1 unchanged attribute hidden)[0m[0m
            },
        ] [90m-> null[0m[0m
      [31m-[0m[0m id                     = "sg-0b60abb09afc5c322" [90m-> null[0m[0m
      [31m-[0m[0m ingress                = [
          [31m-[0m[0m {
              [31m-[0m[0m cidr_blocks      = [
                  [31m-[0m[0m "0.0.0.0/0",
                ]
              [31m-[0m[0m from_port        = 22
              [31m-[0m[0m ipv6_cidr_blocks = []
              [31m-[0m[0m prefix_list_ids  = []
              [31m-[0m[0m protocol         = "tcp"
              [31m-[0m[0m security_groups  = []
              [31m-[0m[0m self             = false
              [31m-[0m[0m to_port          = 22
                [90m# (1 unchanged attribute hidden)[0m[0m
            },
          [31m-[0m[0m {
              [31m-[0m[0m cidr_blocks      = [
                  [31m-[0m[0m "0.0.0.0/0",
                ]
              [31m-[0m[0m from_port        = 80
              [31m-[0m[0m ipv6_cidr_blocks = []
              [31m-[0m[0m prefix_list_ids  = []
              [31m-[0m[0m protocol         = "tcp"
              [31m-[0m[0m security_groups  = []
              [31m-[0m[0m self             = false
              [31m-[0m[0m to_port          = 80
                [90m# (1 unchanged attribute hidden)[0m[0m
            },
        ] [90m-> null[0m[0m
      [31m-[0m[0m name                   = "terraform-20240823090312928900000001" [90m-> null[0m[0m
      [31m-[0m[0m name_prefix            = "terraform-" [90m-> null[0m[0m
      [31m-[0m[0m owner_id               = "021891610828" [90m-> null[0m[0m
      [31m-[0m[0m revoke_rules_on_delete = false [90m-> null[0m[0m
      [31m-[0m[0m tags                   = {
          [31m-[0m[0m "Name" = "prod-sg-chirag"
        } [90m-> null[0m[0m
      [31m-[0m[0m tags_all               = {
          [31m-[0m[0m "Name" = "prod-sg-chirag"
        } [90m-> null[0m[0m
      [31m-[0m[0m vpc_id                 = "vpc-0182af36bfab6965a" [90m-> null[0m[0m
    }

[1m  # module.vpc.aws_subnet.Project_public_subnet[0m will be [1m[31mdestroyed[0m
[0m  [31m-[0m[0m resource "aws_subnet" "Project_public_subnet" {
      [31m-[0m[0m arn                                            = "arn:aws:ec2:us-west-2:021891610828:subnet/subnet-0930bee554e5d166b" [90m-> null[0m[0m
      [31m-[0m[0m assign_ipv6_address_on_creation                = false [90m-> null[0m[0m
      [31m-[0m[0m availability_zone                              = "us-west-2c" [90m-> null[0m[0m
      [31m-[0m[0m availability_zone_id                           = "usw2-az3" [90m-> null[0m[0m
      [31m-[0m[0m cidr_block                                     = "10.1.1.0/24" [90m-> null[0m[0m
      [31m-[0m[0m enable_dns64                                   = false [90m-> null[0m[0m
      [31m-[0m[0m enable_lni_at_device_index                     = 0 [90m-> null[0m[0m
      [31m-[0m[0m enable_resource_name_dns_a_record_on_launch    = false [90m-> null[0m[0m
      [31m-[0m[0m enable_resource_name_dns_aaaa_record_on_launch = false [90m-> null[0m[0m
      [31m-[0m[0m id                                             = "subnet-0930bee554e5d166b" [90m-> null[0m[0m
      [31m-[0m[0m ipv6_native                                    = false [90m-> null[0m[0m
      [31m-[0m[0m map_customer_owned_ip_on_launch                = false [90m-> null[0m[0m
      [31m-[0m[0m map_public_ip_on_launch                        = true [90m-> null[0m[0m
      [31m-[0m[0m owner_id                                       = "021891610828" [90m-> null[0m[0m
      [31m-[0m[0m private_dns_hostname_type_on_launch            = "ip-name" [90m-> null[0m[0m
      [31m-[0m[0m tags                                           = {} [90m-> null[0m[0m
      [31m-[0m[0m tags_all                                       = {} [90m-> null[0m[0m
      [31m-[0m[0m vpc_id                                         = "vpc-0182af36bfab6965a" [90m-> null[0m[0m
        [90m# (4 unchanged attributes hidden)[0m[0m
    }

[1m  # module.vpc.aws_vpc.ProjectVPC[0m will be [1m[31mdestroyed[0m
[0m  [31m-[0m[0m resource "aws_vpc" "ProjectVPC" {
      [31m-[0m[0m arn                                  = "arn:aws:ec2:us-west-2:021891610828:vpc/vpc-0182af36bfab6965a" [90m-> null[0m[0m
      [31m-[0m[0m assign_generated_ipv6_cidr_block     = false [90m-> null[0m[0m
      [31m-[0m[0m cidr_block                           = "10.1.0.0/16" [90m-> null[0m[0m
      [31m-[0m[0m default_network_acl_id               = "acl-018b9f0a2625ff395" [90m-> null[0m[0m
      [31m-[0m[0m default_route_table_id               = "rtb-0aa3b7bea4ab8da44" [90m-> null[0m[0m
      [31m-[0m[0m default_security_group_id            = "sg-06747ff995b479850" [90m-> null[0m[0m
      [31m-[0m[0m dhcp_options_id                      = "dopt-0a0f54c7cec7d2a9a" [90m-> null[0m[0m
      [31m-[0m[0m enable_dns_hostnames                 = false [90m-> null[0m[0m
      [31m-[0m[0m enable_dns_support                   = true [90m-> null[0m[0m
      [31m-[0m[0m enable_network_address_usage_metrics = false [90m-> null[0m[0m
      [31m-[0m[0m id                                   = "vpc-0182af36bfab6965a" [90m-> null[0m[0m
      [31m-[0m[0m instance_tenancy                     = "default" [90m-> null[0m[0m
      [31m-[0m[0m ipv6_netmask_length                  = 0 [90m-> null[0m[0m
      [31m-[0m[0m main_route_table_id                  = "rtb-0aa3b7bea4ab8da44" [90m-> null[0m[0m
      [31m-[0m[0m owner_id                             = "021891610828" [90m-> null[0m[0m
      [31m-[0m[0m tags                                 = {
          [31m-[0m[0m "Name" = "prod-chirag"
        } [90m-> null[0m[0m
      [31m-[0m[0m tags_all                             = {
          [31m-[0m[0m "Name" = "prod-chirag"
        } [90m-> null[0m[0m
        [90m# (4 unchanged attributes hidden)[0m[0m
    }

[1mPlan:[0m 0 to add, 0 to change, 10 to destroy.
[0m
Changes to Outputs:
  [31m-[0m[0m ec2_instance_id        = "i-0841eea8fe8b38229" [90m-> null[0m[0m
  [31m-[0m[0m ec2_instance_public_ip = "54.214.120.117" [90m-> null[0m[0m
  [31m-[0m[0m s3_bucket_arn          = "arn:aws:s3:::prod-day30-chirag" [90m-> null[0m[0m
  [31m-[0m[0m s3_bucket_name         = "prod-day30-chirag" [90m-> null[0m[0m
[0m[1m
Do you really want to destroy all resources in workspace "prod"?[0m
  Terraform will destroy all your managed infrastructure, as shown above.
  There is no undo. Only 'yes' will be accepted to confirm.

  [1mEnter a value:[0m [0m
[0m[1mmodule.s3.aws_s3_bucket_policy.s3_policy: Destroying... [id=prod-day30-chirag][0m[0m
[0m[1mmodule.vpc.aws_route_table_association.Project_public_rt_assoc: Destroying... [id=rtbassoc-0ca4e29d053dbc2f3][0m[0m
[0m[1mmodule.ec2.aws_instance.webserver: Destroying... [id=i-0841eea8fe8b38229][0m[0m
[0m[1mmodule.s3.aws_s3_bucket_policy.s3_policy: Destruction complete after 2s[0m
[0m[1mmodule.s3.aws_s3_bucket.s3_bucket: Destroying... [id=prod-day30-chirag][0m[0m
[0m[1mmodule.vpc.aws_route_table_association.Project_public_rt_assoc: Destruction complete after 2s[0m
[0m[1mmodule.vpc.aws_route_table.Project_public_rt: Destroying... [id=rtb-0d26fdc5780c4d899][0m[0m
[0m[1mmodule.s3.aws_s3_bucket.s3_bucket: Destruction complete after 1s[0m
[0m[1mmodule.vpc.aws_route_table.Project_public_rt: Destruction complete after 2s[0m
[0m[1mmodule.vpc.aws_internet_gateway.Project_igw: Destroying... [id=igw-0a59b538d9cc148a1][0m[0m
[0m[1mmodule.ec2.aws_instance.webserver: Still destroying... [id=i-0841eea8fe8b38229, 10s elapsed][0m[0m
[0m[1mmodule.vpc.aws_internet_gateway.Project_igw: Still destroying... [id=igw-0a59b538d9cc148a1, 10s elapsed][0m[0m
[0m[1mmodule.ec2.aws_instance.webserver: Still destroying... [id=i-0841eea8fe8b38229, 20s elapsed][0m[0m
[0m[1mmodule.vpc.aws_internet_gateway.Project_igw: Still destroying... [id=igw-0a59b538d9cc148a1, 20s elapsed][0m[0m
[0m[1mmodule.ec2.aws_instance.webserver: Still destroying... [id=i-0841eea8fe8b38229, 30s elapsed][0m[0m
[0m[1mmodule.vpc.aws_internet_gateway.Project_igw: Still destroying... [id=igw-0a59b538d9cc148a1, 30s elapsed][0m[0m
[0m[1mmodule.vpc.aws_internet_gateway.Project_igw: Destruction complete after 34s[0m
[0m[1mmodule.ec2.aws_instance.webserver: Still destroying... [id=i-0841eea8fe8b38229, 40s elapsed][0m[0m
[0m[1mmodule.ec2.aws_instance.webserver: Destruction complete after 48s[0m
[0m[1mmodule.s3.aws_iam_instance_profile.ec2_instance_profile: Destroying... [id=prod-EC2_instance_profile][0m[0m
[0m[1mmodule.vpc.aws_subnet.Project_public_subnet: Destroying... [id=subnet-0930bee554e5d166b][0m[0m
[0m[1mmodule.vpc.aws_security_group.ec2_sg_ssh: Destroying... [id=sg-0b60abb09afc5c322][0m[0m
[0m[1mmodule.vpc.aws_subnet.Project_public_subnet: Destruction complete after 1s[0m
[0m[1mmodule.s3.aws_iam_instance_profile.ec2_instance_profile: Destruction complete after 1s[0m
[0m[1mmodule.vpc.aws_security_group.ec2_sg_ssh: Destruction complete after 2s[0m
[0m[1mmodule.vpc.aws_vpc.ProjectVPC: Destroying... [id=vpc-0182af36bfab6965a][0m[0m
[0m[1mmodule.vpc.aws_vpc.ProjectVPC: Destruction complete after 1s[0m
[0m[1m[32m
Destroy complete! Resources: 10 destroyed.
[0m