Acquiring state lock. This may take a few moments...
[0m[1mmodule.IAM.aws_iam_role.ec2_s3_rds_role: Refreshing state... [id=prod-EC2-S3-RDS-Role][0m
[0m[1mmodule.ec2.aws_eip.my_eip: Refreshing state... [id=eipalloc-0121e17944ef2fa62][0m
[0m[1mmodule.vpc.aws_vpc.my_vpc: Refreshing state... [id=vpc-0ca3c47bffdc684f7][0m
[0m[1mmodule.s3.aws_s3_bucket.app_bucket: Refreshing state... [id=prod-day31-chirag][0m
[0m[1mmodule.ec2.aws_iam_instance_profile.ec2_instance_profile: Refreshing state... [id=prod-ec2_instance_profile][0m
[0m[1mmodule.vpc.aws_internet_gateway.my_igw: Refreshing state... [id=igw-0cc72736447484bf0][0m
[0m[1mmodule.vpc.aws_subnet.public_subnet: Refreshing state... [id=subnet-0f16fa9715ce2d364][0m
[0m[1mmodule.vpc.aws_route_table.private_rt: Refreshing state... [id=rtb-0168626767fa1fed7][0m
[0m[1mmodule.vpc.aws_subnet.private_subnet2: Refreshing state... [id=subnet-0e6fdda47fc960405][0m
[0m[1mmodule.vpc.aws_subnet.private_subnet1: Refreshing state... [id=subnet-06fc77ba1cd89ad6d][0m
[0m[1mmodule.security_group.aws_security_group.ec2_sg: Refreshing state... [id=sg-062da7e5f00c51b97][0m
[0m[1mmodule.vpc.aws_route_table.public_rt: Refreshing state... [id=rtb-02bdb3f19d4302347][0m
[0m[1mmodule.s3.aws_s3_bucket_policy.s3_bucket_policy: Refreshing state... [id=prod-day31-chirag][0m
[0m[1mmodule.IAM.aws_iam_role_policy.ec2_s3_policy: Refreshing state... [id=prod-EC2-S3-RDS-Role:prod-ec2_s3_policy][0m
[0m[1mmodule.vpc.aws_route_table_association.private_rt_assoc2: Refreshing state... [id=rtbassoc-08ab0fa32a04159b3][0m
[0m[1mmodule.vpc.aws_route_table_association.private_rt_assoc1: Refreshing state... [id=rtbassoc-0f6f9fda3fdf02f57][0m
[0m[1mmodule.vpc.aws_db_subnet_group.rds_subnet_group: Refreshing state... [id=prod-rds_subnet_group][0m
[0m[1mmodule.security_group.aws_security_group.rds_sg: Refreshing state... [id=sg-098032b84d6b9c1c2][0m
[0m[1mmodule.ec2.aws_instance.webserver: Refreshing state... [id=i-083609418914c1ffd][0m
[0m[1mmodule.vpc.aws_route_table_association.public_rt_association: Refreshing state... [id=rtbassoc-031636984d0621953][0m
[0m[1mmodule.rds.aws_db_instance.example: Refreshing state... [id=db-3QKIGXM5LDUSPW2R2XJ2ANR2D4][0m
[0m[1mmodule.IAM.aws_iam_role_policy.ec2_rds_policy: Refreshing state... [id=prod-EC2-S3-RDS-Role:prod-ec2_rds_policy][0m
[0m[1mmodule.ec2.aws_eip_association.eip_assoc: Refreshing state... [id=eipassoc-0ce67e5b35fd0fabd][0m

Terraform used the selected providers to generate the following execution
plan. Resource actions are indicated with the following symbols:
  [31m-[0m destroy[0m

Terraform planned the following actions, but then encountered a problem:

[1m  # module.IAM.aws_iam_role.ec2_s3_rds_role[0m will be [1m[31mdestroyed[0m
[0m  [31m-[0m[0m resource "aws_iam_role" "ec2_s3_rds_role" {
      [31m-[0m[0m arn                   = "arn:aws:iam::021891610828:role/prod-EC2-S3-RDS-Role" [90m-> null[0m[0m
      [31m-[0m[0m assume_role_policy    = jsonencode(
            {
              [31m-[0m[0m Statement = [
                  [31m-[0m[0m {
                      [31m-[0m[0m Action    = "sts:AssumeRole"
                      [31m-[0m[0m Effect    = "Allow"
                      [31m-[0m[0m Principal = {
                          [31m-[0m[0m Service = "ec2.amazonaws.com"
                        }
                      [31m-[0m[0m Sid       = ""
                    },
                ]
              [31m-[0m[0m Version   = "2012-10-17"
            }
        ) [90m-> null[0m[0m
      [31m-[0m[0m create_date           = "2024-08-24T12:57:16Z" [90m-> null[0m[0m
      [31m-[0m[0m force_detach_policies = false [90m-> null[0m[0m
      [31m-[0m[0m id                    = "prod-EC2-S3-RDS-Role" [90m-> null[0m[0m
      [31m-[0m[0m managed_policy_arns   = [] [90m-> null[0m[0m
      [31m-[0m[0m max_session_duration  = 3600 [90m-> null[0m[0m
      [31m-[0m[0m name                  = "prod-EC2-S3-RDS-Role" [90m-> null[0m[0m
      [31m-[0m[0m path                  = "/" [90m-> null[0m[0m
      [31m-[0m[0m tags                  = {
          [31m-[0m[0m "tag-key" = "prod-iam-role-chirag"
        } [90m-> null[0m[0m
      [31m-[0m[0m tags_all              = {
          [31m-[0m[0m "tag-key" = "prod-iam-role-chirag"
        } [90m-> null[0m[0m
      [31m-[0m[0m unique_id             = "AROAQKGGXPDGHFMADISFV" [90m-> null[0m[0m
        [90m# (3 unchanged attributes hidden)[0m[0m

      [31m-[0m[0m inline_policy {
          [31m-[0m[0m name   = "prod-ec2_rds_policy" [90m-> null[0m[0m
          [31m-[0m[0m policy = jsonencode(
                {
                  [31m-[0m[0m Statement = [
                      [31m-[0m[0m {
                          [31m-[0m[0m Action   = [
                              [31m-[0m[0m "rds-db:connect",
                            ]
                          [31m-[0m[0m Effect   = "Allow"
                          [31m-[0m[0m Resource = "arn:aws:rds:us-west-2:021891610828:db:terraform-20240824125732671500000005"
                          [31m-[0m[0m Sid      = "Stmt1724486869142"
                        },
                    ]
                  [31m-[0m[0m Version   = "2012-10-17"
                }
            ) [90m-> null[0m[0m
        }
      [31m-[0m[0m inline_policy {
          [31m-[0m[0m name   = "prod-ec2_s3_policy" [90m-> null[0m[0m
          [31m-[0m[0m policy = jsonencode(
                {
                  [31m-[0m[0m Statement = [
                      [31m-[0m[0m {
                          [31m-[0m[0m Action   = [
                              [31m-[0m[0m "s3:*",
                            ]
                          [31m-[0m[0m Effect   = "Allow"
                          [31m-[0m[0m Resource = "arn:aws:s3:::prod-day31-chirag"
                        },
                    ]
                  [31m-[0m[0m Version   = "2012-10-17"
                }
            ) [90m-> null[0m[0m
        }
    }

[1m  # module.IAM.aws_iam_role_policy.ec2_rds_policy[0m will be [1m[31mdestroyed[0m
[0m  [31m-[0m[0m resource "aws_iam_role_policy" "ec2_rds_policy" {
      [31m-[0m[0m id          = "prod-EC2-S3-RDS-Role:prod-ec2_rds_policy" [90m-> null[0m[0m
      [31m-[0m[0m name        = "prod-ec2_rds_policy" [90m-> null[0m[0m
      [31m-[0m[0m policy      = jsonencode(
            {
              [31m-[0m[0m Statement = [
                  [31m-[0m[0m {
                      [31m-[0m[0m Action   = [
                          [31m-[0m[0m "rds-db:connect",
                        ]
                      [31m-[0m[0m Effect   = "Allow"
                      [31m-[0m[0m Resource = "arn:aws:rds:us-west-2:021891610828:db:terraform-20240824125732671500000005"
                      [31m-[0m[0m Sid      = "Stmt1724486869142"
                    },
                ]
              [31m-[0m[0m Version   = "2012-10-17"
            }
        ) [90m-> null[0m[0m
      [31m-[0m[0m role        = "prod-EC2-S3-RDS-Role" [90m-> null[0m[0m
        [90m# (1 unchanged attribute hidden)[0m[0m
    }

[1m  # module.IAM.aws_iam_role_policy.ec2_s3_policy[0m will be [1m[31mdestroyed[0m
[0m  [31m-[0m[0m resource "aws_iam_role_policy" "ec2_s3_policy" {
      [31m-[0m[0m id          = "prod-EC2-S3-RDS-Role:prod-ec2_s3_policy" [90m-> null[0m[0m
      [31m-[0m[0m name        = "prod-ec2_s3_policy" [90m-> null[0m[0m
      [31m-[0m[0m policy      = jsonencode(
            {
              [31m-[0m[0m Statement = [
                  [31m-[0m[0m {
                      [31m-[0m[0m Action   = [
                          [31m-[0m[0m "s3:*",
                        ]
                      [31m-[0m[0m Effect   = "Allow"
                      [31m-[0m[0m Resource = "arn:aws:s3:::prod-day31-chirag"
                    },
                ]
              [31m-[0m[0m Version   = "2012-10-17"
            }
        ) [90m-> null[0m[0m
      [31m-[0m[0m role        = "prod-EC2-S3-RDS-Role" [90m-> null[0m[0m
        [90m# (1 unchanged attribute hidden)[0m[0m
    }

[1m  # module.ec2.aws_eip.my_eip[0m will be [1m[31mdestroyed[0m
[0m  [31m-[0m[0m resource "aws_eip" "my_eip" {
      [31m-[0m[0m allocation_id            = "eipalloc-0121e17944ef2fa62" [90m-> null[0m[0m
      [31m-[0m[0m arn                      = "arn:aws:ec2:us-west-2:021891610828:elastic-ip/eipalloc-0121e17944ef2fa62" [90m-> null[0m[0m
      [31m-[0m[0m association_id           = "eipassoc-0ce67e5b35fd0fabd" [90m-> null[0m[0m
      [31m-[0m[0m domain                   = "vpc" [90m-> null[0m[0m
      [31m-[0m[0m id                       = "eipalloc-0121e17944ef2fa62" [90m-> null[0m[0m
      [31m-[0m[0m instance                 = "i-083609418914c1ffd" [90m-> null[0m[0m
      [31m-[0m[0m network_border_group     = "us-west-2" [90m-> null[0m[0m
      [31m-[0m[0m network_interface        = "eni-042f5d1fb6b3c1186" [90m-> null[0m[0m
      [31m-[0m[0m private_dns              = "ip-10-2-1-129.us-west-2.compute.internal" [90m-> null[0m[0m
      [31m-[0m[0m private_ip               = "10.2.1.129" [90m-> null[0m[0m
      [31m-[0m[0m public_dns               = "ec2-52-12-156-44.us-west-2.compute.amazonaws.com" [90m-> null[0m[0m
      [31m-[0m[0m public_ip                = "52.12.156.44" [90m-> null[0m[0m
      [31m-[0m[0m public_ipv4_pool         = "amazon" [90m-> null[0m[0m
      [31m-[0m[0m tags                     = {
          [31m-[0m[0m "Name" = "eip-chirag-prod"
        } [90m-> null[0m[0m
      [31m-[0m[0m tags_all                 = {
          [31m-[0m[0m "Name" = "eip-chirag-prod"
        } [90m-> null[0m[0m
      [31m-[0m[0m vpc                      = true [90m-> null[0m[0m
        [90m# (4 unchanged attributes hidden)[0m[0m
    }

[1m  # module.ec2.aws_eip_association.eip_assoc[0m will be [1m[31mdestroyed[0m
[0m  [31m-[0m[0m resource "aws_eip_association" "eip_assoc" {
      [31m-[0m[0m allocation_id        = "eipalloc-0121e17944ef2fa62" [90m-> null[0m[0m
      [31m-[0m[0m id                   = "eipassoc-0ce67e5b35fd0fabd" [90m-> null[0m[0m
      [31m-[0m[0m instance_id          = "i-083609418914c1ffd" [90m-> null[0m[0m
      [31m-[0m[0m network_interface_id = "eni-042f5d1fb6b3c1186" [90m-> null[0m[0m
      [31m-[0m[0m private_ip_address   = "10.2.1.129" [90m-> null[0m[0m
      [31m-[0m[0m public_ip            = "52.12.156.44" [90m-> null[0m[0m
    }

[1m  # module.ec2.aws_iam_instance_profile.ec2_instance_profile[0m will be [1m[31mdestroyed[0m
[0m  [31m-[0m[0m resource "aws_iam_instance_profile" "ec2_instance_profile" {
      [31m-[0m[0m arn         = "arn:aws:iam::021891610828:instance-profile/prod-ec2_instance_profile" [90m-> null[0m[0m
      [31m-[0m[0m create_date = "2024-08-24T12:57:18Z" [90m-> null[0m[0m
      [31m-[0m[0m id          = "prod-ec2_instance_profile" [90m-> null[0m[0m
      [31m-[0m[0m name        = "prod-ec2_instance_profile" [90m-> null[0m[0m
      [31m-[0m[0m path        = "/" [90m-> null[0m[0m
      [31m-[0m[0m role        = "prod-EC2-S3-RDS-Role" [90m-> null[0m[0m
      [31m-[0m[0m tags        = {} [90m-> null[0m[0m
      [31m-[0m[0m tags_all    = {} [90m-> null[0m[0m
      [31m-[0m[0m unique_id   = "AIPAQKGGXPDGK5GQK43GV" [90m-> null[0m[0m
        [90m# (1 unchanged attribute hidden)[0m[0m
    }

[1m  # module.ec2.aws_instance.webserver[0m will be [1m[31mdestroyed[0m
[0m  [31m-[0m[0m resource "aws_instance" "webserver" {
      [31m-[0m[0m ami                                  = "ami-05134c8ef96964280" [90m-> null[0m[0m
      [31m-[0m[0m arn                                  = "arn:aws:ec2:us-west-2:021891610828:instance/i-083609418914c1ffd" [90m-> null[0m[0m
      [31m-[0m[0m associate_public_ip_address          = true [90m-> null[0m[0m
      [31m-[0m[0m availability_zone                    = "us-west-2a" [90m-> null[0m[0m
      [31m-[0m[0m cpu_core_count                       = 1 [90m-> null[0m[0m
      [31m-[0m[0m cpu_threads_per_core                 = 1 [90m-> null[0m[0m
      [31m-[0m[0m disable_api_stop                     = false [90m-> null[0m[0m
      [31m-[0m[0m disable_api_termination              = false [90m-> null[0m[0m
      [31m-[0m[0m ebs_optimized                        = false [90m-> null[0m[0m
      [31m-[0m[0m get_password_data                    = false [90m-> null[0m[0m
      [31m-[0m[0m hibernation                          = false [90m-> null[0m[0m
      [31m-[0m[0m iam_instance_profile                 = "prod-ec2_instance_profile" [90m-> null[0m[0m
      [31m-[0m[0m id                                   = "i-083609418914c1ffd" [90m-> null[0m[0m
      [31m-[0m[0m instance_initiated_shutdown_behavior = "stop" [90m-> null[0m[0m
      [31m-[0m[0m instance_state                       = "running" [90m-> null[0m[0m
      [31m-[0m[0m instance_type                        = "t2.micro" [90m-> null[0m[0m
      [31m-[0m[0m ipv6_address_count                   = 0 [90m-> null[0m[0m
      [31m-[0m[0m ipv6_addresses                       = [] [90m-> null[0m[0m
      [31m-[0m[0m key_name                             = "terraform-chirag-key" [90m-> null[0m[0m
      [31m-[0m[0m monitoring                           = false [90m-> null[0m[0m
      [31m-[0m[0m placement_partition_number           = 0 [90m-> null[0m[0m
      [31m-[0m[0m primary_network_interface_id         = "eni-042f5d1fb6b3c1186" [90m-> null[0m[0m
      [31m-[0m[0m private_dns                          = "ip-10-2-1-129.us-west-2.compute.internal" [90m-> null[0m[0m
      [31m-[0m[0m private_ip                           = "10.2.1.129" [90m-> null[0m[0m
      [31m-[0m[0m public_ip                            = "52.12.156.44" [90m-> null[0m[0m
      [31m-[0m[0m secondary_private_ips                = [] [90m-> null[0m[0m
      [31m-[0m[0m security_groups                      = [] [90m-> null[0m[0m
      [31m-[0m[0m source_dest_check                    = true [90m-> null[0m[0m
      [31m-[0m[0m subnet_id                            = "subnet-0f16fa9715ce2d364" [90m-> null[0m[0m
      [31m-[0m[0m tags                                 = {
          [31m-[0m[0m "Name" = "prod-chirag"
        } [90m-> null[0m[0m
      [31m-[0m[0m tags_all                             = {
          [31m-[0m[0m "Name" = "prod-chirag"
        } [90m-> null[0m[0m
      [31m-[0m[0m tenancy                              = "default" [90m-> null[0m[0m
      [31m-[0m[0m user_data_replace_on_change          = false [90m-> null[0m[0m
      [31m-[0m[0m vpc_security_group_ids               = [
          [31m-[0m[0m "sg-062da7e5f00c51b97",
        ] [90m-> null[0m[0m
        [90m# (7 unchanged attributes hidden)[0m[0m

      [31m-[0m[0m capacity_reservation_specification {
          [31m-[0m[0m capacity_reservation_preference = "open" [90m-> null[0m[0m
        }

      [31m-[0m[0m cpu_options {
          [31m-[0m[0m core_count       = 1 [90m-> null[0m[0m
          [31m-[0m[0m threads_per_core = 1 [90m-> null[0m[0m
            [90m# (1 unchanged attribute hidden)[0m[0m
        }

      [31m-[0m[0m credit_specification {
          [31m-[0m[0m cpu_credits = "standard" [90m-> null[0m[0m
        }

      [31m-[0m[0m enclave_options {
          [31m-[0m[0m enabled = false [90m-> null[0m[0m
        }

      [31m-[0m[0m maintenance_options {
          [31m-[0m[0m auto_recovery = "default" [90m-> null[0m[0m
        }

      [31m-[0m[0m metadata_options {
          [31m-[0m[0m http_endpoint               = "enabled" [90m-> null[0m[0m
          [31m-[0m[0m http_protocol_ipv6          = "disabled" [90m-> null[0m[0m
          [31m-[0m[0m http_put_response_hop_limit = 2 [90m-> null[0m[0m
          [31m-[0m[0m http_tokens                 = "required" [90m-> null[0m[0m
          [31m-[0m[0m instance_metadata_tags      = "disabled" [90m-> null[0m[0m
        }

      [31m-[0m[0m private_dns_name_options {
          [31m-[0m[0m enable_resource_name_dns_a_record    = false [90m-> null[0m[0m
          [31m-[0m[0m enable_resource_name_dns_aaaa_record = false [90m-> null[0m[0m
          [31m-[0m[0m hostname_type                        = "ip-name" [90m-> null[0m[0m
        }

      [31m-[0m[0m root_block_device {
          [31m-[0m[0m delete_on_termination = true [90m-> null[0m[0m
          [31m-[0m[0m device_name           = "/dev/sda1" [90m-> null[0m[0m
          [31m-[0m[0m encrypted             = false [90m-> null[0m[0m
          [31m-[0m[0m iops                  = 3000 [90m-> null[0m[0m
          [31m-[0m[0m tags                  = {} [90m-> null[0m[0m
          [31m-[0m[0m tags_all              = {} [90m-> null[0m[0m
          [31m-[0m[0m throughput            = 125 [90m-> null[0m[0m
          [31m-[0m[0m volume_id             = "vol-0c938efac268ee943" [90m-> null[0m[0m
          [31m-[0m[0m volume_size           = 8 [90m-> null[0m[0m
          [31m-[0m[0m volume_type           = "gp3" [90m-> null[0m[0m
            [90m# (1 unchanged attribute hidden)[0m[0m
        }
    }

[1m  # module.rds.aws_db_instance.example[0m will be [1m[31mdestroyed[0m
[0m  [31m-[0m[0m resource "aws_db_instance" "example" {
      [31m-[0m[0m address                               = "terraform-20240824125732671500000005.cdwgacgseq8w.us-west-2.rds.amazonaws.com" [90m-> null[0m[0m
      [31m-[0m[0m allocated_storage                     = 20 [90m-> null[0m[0m
      [31m-[0m[0m apply_immediately                     = false [90m-> null[0m[0m
      [31m-[0m[0m arn                                   = "arn:aws:rds:us-west-2:021891610828:db:terraform-20240824125732671500000005" [90m-> null[0m[0m
      [31m-[0m[0m auto_minor_version_upgrade            = true [90m-> null[0m[0m
      [31m-[0m[0m availability_zone                     = "us-west-2b" [90m-> null[0m[0m
      [31m-[0m[0m backup_retention_period               = 0 [90m-> null[0m[0m
      [31m-[0m[0m backup_target                         = "region" [90m-> null[0m[0m
      [31m-[0m[0m backup_window                         = "06:20-06:50" [90m-> null[0m[0m
      [31m-[0m[0m ca_cert_identifier                    = "rds-ca-rsa2048-g1" [90m-> null[0m[0m
      [31m-[0m[0m copy_tags_to_snapshot                 = false [90m-> null[0m[0m
      [31m-[0m[0m customer_owned_ip_enabled             = false [90m-> null[0m[0m
      [31m-[0m[0m db_name                               = "database01" [90m-> null[0m[0m
      [31m-[0m[0m db_subnet_group_name                  = "prod-rds_subnet_group" [90m-> null[0m[0m
      [31m-[0m[0m dedicated_log_volume                  = false [90m-> null[0m[0m
      [31m-[0m[0m delete_automated_backups              = true [90m-> null[0m[0m
      [31m-[0m[0m deletion_protection                   = false [90m-> null[0m[0m
      [31m-[0m[0m domain_dns_ips                        = [] [90m-> null[0m[0m
      [31m-[0m[0m enabled_cloudwatch_logs_exports       = [] [90m-> null[0m[0m
      [31m-[0m[0m endpoint                              = "terraform-20240824125732671500000005.cdwgacgseq8w.us-west-2.rds.amazonaws.com:3306" [90m-> null[0m[0m
      [31m-[0m[0m engine                                = "mysql" [90m-> null[0m[0m
      [31m-[0m[0m engine_lifecycle_support              = "open-source-rds-extended-support" [90m-> null[0m[0m
      [31m-[0m[0m engine_version                        = "5.7" [90m-> null[0m[0m
      [31m-[0m[0m engine_version_actual                 = "5.7.44-rds.20240529" [90m-> null[0m[0m
      [31m-[0m[0m hosted_zone_id                        = "Z1PVIF0B656C1W" [90m-> null[0m[0m
      [31m-[0m[0m iam_database_authentication_enabled   = false [90m-> null[0m[0m
      [31m-[0m[0m id                                    = "db-3QKIGXM5LDUSPW2R2XJ2ANR2D4" [90m-> null[0m[0m
      [31m-[0m[0m identifier                            = "terraform-20240824125732671500000005" [90m-> null[0m[0m
      [31m-[0m[0m identifier_prefix                     = "terraform-" [90m-> null[0m[0m
      [31m-[0m[0m instance_class                        = "db.t3.micro" [90m-> null[0m[0m
      [31m-[0m[0m iops                                  = 0 [90m-> null[0m[0m
      [31m-[0m[0m license_model                         = "general-public-license" [90m-> null[0m[0m
      [31m-[0m[0m listener_endpoint                     = [] [90m-> null[0m[0m
      [31m-[0m[0m maintenance_window                    = "mon:11:48-mon:12:18" [90m-> null[0m[0m
      [31m-[0m[0m master_user_secret                    = [] [90m-> null[0m[0m
      [31m-[0m[0m max_allocated_storage                 = 0 [90m-> null[0m[0m
      [31m-[0m[0m monitoring_interval                   = 0 [90m-> null[0m[0m
      [31m-[0m[0m multi_az                              = false [90m-> null[0m[0m
      [31m-[0m[0m network_type                          = "IPV4" [90m-> null[0m[0m
      [31m-[0m[0m option_group_name                     = "default:mysql-5-7" [90m-> null[0m[0m
      [31m-[0m[0m parameter_group_name                  = "default.mysql5.7" [90m-> null[0m[0m
      [31m-[0m[0m password                              = (sensitive value) [90m-> null[0m[0m
      [31m-[0m[0m performance_insights_enabled          = false [90m-> null[0m[0m
      [31m-[0m[0m performance_insights_retention_period = 0 [90m-> null[0m[0m
      [31m-[0m[0m port                                  = 3306 [90m-> null[0m[0m
      [31m-[0m[0m publicly_accessible                   = false [90m-> null[0m[0m
      [31m-[0m[0m replicas                              = [] [90m-> null[0m[0m
      [31m-[0m[0m resource_id                           = "db-3QKIGXM5LDUSPW2R2XJ2ANR2D4" [90m-> null[0m[0m
      [31m-[0m[0m skip_final_snapshot                   = true [90m-> null[0m[0m
      [31m-[0m[0m status                                = "available" [90m-> null[0m[0m
      [31m-[0m[0m storage_encrypted                     = false [90m-> null[0m[0m
      [31m-[0m[0m storage_throughput                    = 0 [90m-> null[0m[0m
      [31m-[0m[0m storage_type                          = "gp2" [90m-> null[0m[0m
      [31m-[0m[0m tags                                  = {
          [31m-[0m[0m "Name" = "RDS-chirag-prod"
        } [90m-> null[0m[0m
      [31m-[0m[0m tags_all                              = {
          [31m-[0m[0m "Name" = "RDS-chirag-prod"
        } [90m-> null[0m[0m
      [31m-[0m[0m username                              = "admin" [90m-> null[0m[0m
      [31m-[0m[0m vpc_security_group_ids                = [
          [31m-[0m[0m "sg-098032b84d6b9c1c2",
        ] [90m-> null[0m[0m
        [90m# (15 unchanged attributes hidden)[0m[0m
    }

[1m  # module.s3.aws_s3_bucket.app_bucket[0m will be [1m[31mdestroyed[0m
[0m  [31m-[0m[0m resource "aws_s3_bucket" "app_bucket" {
      [31m-[0m[0m arn                         = "arn:aws:s3:::prod-day31-chirag" [90m-> null[0m[0m
      [31m-[0m[0m bucket                      = "prod-day31-chirag" [90m-> null[0m[0m
      [31m-[0m[0m bucket_domain_name          = "prod-day31-chirag.s3.amazonaws.com" [90m-> null[0m[0m
      [31m-[0m[0m bucket_regional_domain_name = "prod-day31-chirag.s3.us-west-2.amazonaws.com" [90m-> null[0m[0m
      [31m-[0m[0m force_destroy               = false [90m-> null[0m[0m
      [31m-[0m[0m hosted_zone_id              = "Z3BJ6K6RIION7M" [90m-> null[0m[0m
      [31m-[0m[0m id                          = "prod-day31-chirag" [90m-> null[0m[0m
      [31m-[0m[0m object_lock_enabled         = false [90m-> null[0m[0m
      [31m-[0m[0m policy                      = jsonencode(
            {
              [31m-[0m[0m Statement = [
                  [31m-[0m[0m {
                      [31m-[0m[0m Action    = [
                          [31m-[0m[0m "s3:GetObject",
                          [31m-[0m[0m "s3:PutObject",
                          [31m-[0m[0m "s3:ListBucket",
                        ]
                      [31m-[0m[0m Effect    = "Allow"
                      [31m-[0m[0m Principal = {
                          [31m-[0m[0m AWS = "arn:aws:iam::021891610828:role/prod-EC2-S3-RDS-Role"
                        }
                      [31m-[0m[0m Resource  = [
                          [31m-[0m[0m "arn:aws:s3:::prod-day31-chirag",
                          [31m-[0m[0m "arn:aws:s3:::prod-day31-chirag/*",
                        ]
                    },
                ]
              [31m-[0m[0m Version   = "2012-10-17"
            }
        ) [90m-> null[0m[0m
      [31m-[0m[0m region                      = "us-west-2" [90m-> null[0m[0m
      [31m-[0m[0m request_payer               = "BucketOwner" [90m-> null[0m[0m
      [31m-[0m[0m tags                        = {
          [31m-[0m[0m "Name" = "prod-day31-chirag"
        } [90m-> null[0m[0m
      [31m-[0m[0m tags_all                    = {
          [31m-[0m[0m "Name" = "prod-day31-chirag"
        } [90m-> null[0m[0m
        [90m# (2 unchanged attributes hidden)[0m[0m

      [31m-[0m[0m grant {
          [31m-[0m[0m id          = "5acf748572842a7c8519cdf70716d16962a6017dada5a0f2017cc72ab173e867" [90m-> null[0m[0m
          [31m-[0m[0m permissions = [
              [31m-[0m[0m "FULL_CONTROL",
            ] [90m-> null[0m[0m
          [31m-[0m[0m type        = "CanonicalUser" [90m-> null[0m[0m
            [90m# (1 unchanged attribute hidden)[0m[0m
        }

      [31m-[0m[0m server_side_encryption_configuration {
          [31m-[0m[0m rule {
              [31m-[0m[0m bucket_key_enabled = false [90m-> null[0m[0m

              [31m-[0m[0m apply_server_side_encryption_by_default {
                  [31m-[0m[0m sse_algorithm     = "AES256" [90m-> null[0m[0m
                    [90m# (1 unchanged attribute hidden)[0m[0m
                }
            }
        }

      [31m-[0m[0m versioning {
          [31m-[0m[0m enabled    = false [90m-> null[0m[0m
          [31m-[0m[0m mfa_delete = false [90m-> null[0m[0m
        }
    }

[1m  # module.s3.aws_s3_bucket_policy.s3_bucket_policy[0m will be [1m[31mdestroyed[0m
[0m  [31m-[0m[0m resource "aws_s3_bucket_policy" "s3_bucket_policy" {
      [31m-[0m[0m bucket = "prod-day31-chirag" [90m-> null[0m[0m
      [31m-[0m[0m id     = "prod-day31-chirag" [90m-> null[0m[0m
      [31m-[0m[0m policy = jsonencode(
            {
              [31m-[0m[0m Statement = [
                  [31m-[0m[0m {
                      [31m-[0m[0m Action    = [
                          [31m-[0m[0m "s3:GetObject",
                          [31m-[0m[0m "s3:PutObject",
                          [31m-[0m[0m "s3:ListBucket",
                        ]
                      [31m-[0m[0m Effect    = "Allow"
                      [31m-[0m[0m Principal = {
                          [31m-[0m[0m AWS = "arn:aws:iam::021891610828:role/prod-EC2-S3-RDS-Role"
                        }
                      [31m-[0m[0m Resource  = [
                          [31m-[0m[0m "arn:aws:s3:::prod-day31-chirag",
                          [31m-[0m[0m "arn:aws:s3:::prod-day31-chirag/*",
                        ]
                    },
                ]
              [31m-[0m[0m Version   = "2012-10-17"
            }
        ) [90m-> null[0m[0m
    }

[1m  # module.security_group.aws_security_group.ec2_sg[0m will be [1m[31mdestroyed[0m
[0m  [31m-[0m[0m resource "aws_security_group" "ec2_sg" {
      [31m-[0m[0m arn                    = "arn:aws:ec2:us-west-2:021891610828:security-group/sg-062da7e5f00c51b97" [90m-> null[0m[0m
      [31m-[0m[0m description            = "Managed by Terraform" [90m-> null[0m[0m
      [31m-[0m[0m egress                 = [
          [31m-[0m[0m {
              [31m-[0m[0m cidr_blocks      = [
                  [31m-[0m[0m "0.0.0.0/0",
                ]
              [31m-[0m[0m from_port        = 0
              [31m-[0m[0m ipv6_cidr_blocks = []
              [31m-[0m[0m prefix_list_ids  = []
              [31m-[0m[0m protocol         = "-1"
              [31m-[0m[0m security_groups  = []
              [31m-[0m[0m self             = false
              [31m-[0m[0m to_port          = 0
                [90m# (1 unchanged attribute hidden)[0m[0m
            },
        ] [90m-> null[0m[0m
      [31m-[0m[0m id                     = "sg-062da7e5f00c51b97" [90m-> null[0m[0m
      [31m-[0m[0m ingress                = [
          [31m-[0m[0m {
              [31m-[0m[0m cidr_blocks      = [
                  [31m-[0m[0m "0.0.0.0/0",
                ]
              [31m-[0m[0m from_port        = 22
              [31m-[0m[0m ipv6_cidr_blocks = []
              [31m-[0m[0m prefix_list_ids  = []
              [31m-[0m[0m protocol         = "tcp"
              [31m-[0m[0m security_groups  = []
              [31m-[0m[0m self             = false
              [31m-[0m[0m to_port          = 22
                [90m# (1 unchanged attribute hidden)[0m[0m
            },
          [31m-[0m[0m {
              [31m-[0m[0m cidr_blocks      = [
                  [31m-[0m[0m "0.0.0.0/0",
                ]
              [31m-[0m[0m from_port        = 3306
              [31m-[0m[0m ipv6_cidr_blocks = []
              [31m-[0m[0m prefix_list_ids  = []
              [31m-[0m[0m protocol         = "tcp"
              [31m-[0m[0m security_groups  = []
              [31m-[0m[0m self             = false
              [31m-[0m[0m to_port          = 3306
                [90m# (1 unchanged attribute hidden)[0m[0m
            },
          [31m-[0m[0m {
              [31m-[0m[0m cidr_blocks      = [
                  [31m-[0m[0m "0.0.0.0/0",
                ]
              [31m-[0m[0m from_port        = 80
              [31m-[0m[0m ipv6_cidr_blocks = []
              [31m-[0m[0m prefix_list_ids  = []
              [31m-[0m[0m protocol         = "tcp"
              [31m-[0m[0m security_groups  = []
              [31m-[0m[0m self             = false
              [31m-[0m[0m to_port          = 80
                [90m# (1 unchanged attribute hidden)[0m[0m
            },
        ] [90m-> null[0m[0m
      [31m-[0m[0m name                   = "ec2-sg-20240824125720944000000002" [90m-> null[0m[0m
      [31m-[0m[0m name_prefix            = "ec2-sg-" [90m-> null[0m[0m
      [31m-[0m[0m owner_id               = "021891610828" [90m-> null[0m[0m
      [31m-[0m[0m revoke_rules_on_delete = false [90m-> null[0m[0m
      [31m-[0m[0m tags                   = {
          [31m-[0m[0m "Name" = "prod-ec2-sg-chirag"
        } [90m-> null[0m[0m
      [31m-[0m[0m tags_all               = {
          [31m-[0m[0m "Name" = "prod-ec2-sg-chirag"
        } [90m-> null[0m[0m
      [31m-[0m[0m vpc_id                 = "vpc-0ca3c47bffdc684f7" [90m-> null[0m[0m
    }

[1m  # module.security_group.aws_security_group.rds_sg[0m will be [1m[31mdestroyed[0m
[0m  [31m-[0m[0m resource "aws_security_group" "rds_sg" {
      [31m-[0m[0m arn                    = "arn:aws:ec2:us-west-2:021891610828:security-group/sg-098032b84d6b9c1c2" [90m-> null[0m[0m
      [31m-[0m[0m description            = "Managed by Terraform" [90m-> null[0m[0m
      [31m-[0m[0m egress                 = [
          [31m-[0m[0m {
              [31m-[0m[0m cidr_blocks      = [
                  [31m-[0m[0m "0.0.0.0/0",
                ]
              [31m-[0m[0m from_port        = 0
              [31m-[0m[0m ipv6_cidr_blocks = []
              [31m-[0m[0m prefix_list_ids  = []
              [31m-[0m[0m protocol         = "-1"
              [31m-[0m[0m security_groups  = []
              [31m-[0m[0m self             = false
              [31m-[0m[0m to_port          = 0
                [90m# (1 unchanged attribute hidden)[0m[0m
            },
        ] [90m-> null[0m[0m
      [31m-[0m[0m id                     = "sg-098032b84d6b9c1c2" [90m-> null[0m[0m
      [31m-[0m[0m ingress                = [
          [31m-[0m[0m {
              [31m-[0m[0m cidr_blocks      = []
              [31m-[0m[0m from_port        = 3306
              [31m-[0m[0m ipv6_cidr_blocks = []
              [31m-[0m[0m prefix_list_ids  = []
              [31m-[0m[0m protocol         = "tcp"
              [31m-[0m[0m security_groups  = [
                  [31m-[0m[0m "sg-062da7e5f00c51b97",
                ]
              [31m-[0m[0m self             = false
              [31m-[0m[0m to_port          = 3306
                [90m# (1 unchanged attribute hidden)[0m[0m
            },
        ] [90m-> null[0m[0m
      [31m-[0m[0m name                   = "rds-sg-20240824125727450000000004" [90m-> null[0m[0m
      [31m-[0m[0m name_prefix            = "rds-sg-" [90m-> null[0m[0m
      [31m-[0m[0m owner_id               = "021891610828" [90m-> null[0m[0m
      [31m-[0m[0m revoke_rules_on_delete = false [90m-> null[0m[0m
      [31m-[0m[0m tags                   = {
          [31m-[0m[0m "Name" = "prod-rds-sg-chirag"
        } [90m-> null[0m[0m
      [31m-[0m[0m tags_all               = {
          [31m-[0m[0m "Name" = "prod-rds-sg-chirag"
        } [90m-> null[0m[0m
      [31m-[0m[0m vpc_id                 = "vpc-0ca3c47bffdc684f7" [90m-> null[0m[0m
    }

[1m  # module.vpc.aws_db_subnet_group.rds_subnet_group[0m will be [1m[31mdestroyed[0m
[0m  [31m-[0m[0m resource "aws_db_subnet_group" "rds_subnet_group" {
      [31m-[0m[0m arn                     = "arn:aws:rds:us-west-2:021891610828:subgrp:prod-rds_subnet_group" [90m-> null[0m[0m
      [31m-[0m[0m description             = "Managed by Terraform" [90m-> null[0m[0m
      [31m-[0m[0m id                      = "prod-rds_subnet_group" [90m-> null[0m[0m
      [31m-[0m[0m name                    = "prod-rds_subnet_group" [90m-> null[0m[0m
      [31m-[0m[0m subnet_ids              = [
          [31m-[0m[0m "subnet-06fc77ba1cd89ad6d",
          [31m-[0m[0m "subnet-0e6fdda47fc960405",
        ] [90m-> null[0m[0m
      [31m-[0m[0m supported_network_types = [
          [31m-[0m[0m "IPV4",
        ] [90m-> null[0m[0m
      [31m-[0m[0m tags                    = {
          [31m-[0m[0m "Name" = "prod RDS Subnet Group"
        } [90m-> null[0m[0m
      [31m-[0m[0m tags_all                = {
          [31m-[0m[0m "Name" = "prod RDS Subnet Group"
        } [90m-> null[0m[0m
      [31m-[0m[0m vpc_id                  = "vpc-0ca3c47bffdc684f7" [90m-> null[0m[0m
        [90m# (1 unchanged attribute hidden)[0m[0m
    }

[1m  # module.vpc.aws_internet_gateway.my_igw[0m will be [1m[31mdestroyed[0m
[0m  [31m-[0m[0m resource "aws_internet_gateway" "my_igw" {
      [31m-[0m[0m arn      = "arn:aws:ec2:us-west-2:021891610828:internet-gateway/igw-0cc72736447484bf0" [90m-> null[0m[0m
      [31m-[0m[0m id       = "igw-0cc72736447484bf0" [90m-> null[0m[0m
      [31m-[0m[0m owner_id = "021891610828" [90m-> null[0m[0m
      [31m-[0m[0m tags     = {
          [31m-[0m[0m "Name" = "prod-MyIGW-chirag"
        } [90m-> null[0m[0m
      [31m-[0m[0m tags_all = {
          [31m-[0m[0m "Name" = "prod-MyIGW-chirag"
        } [90m-> null[0m[0m
      [31m-[0m[0m vpc_id   = "vpc-0ca3c47bffdc684f7" [90m-> null[0m[0m
    }

[1m  # module.vpc.aws_route_table.private_rt[0m will be [1m[31mdestroyed[0m
[0m  [31m-[0m[0m resource "aws_route_table" "private_rt" {
      [31m-[0m[0m arn              = "arn:aws:ec2:us-west-2:021891610828:route-table/rtb-0168626767fa1fed7" [90m-> null[0m[0m
      [31m-[0m[0m id               = "rtb-0168626767fa1fed7" [90m-> null[0m[0m
      [31m-[0m[0m owner_id         = "021891610828" [90m-> null[0m[0m
      [31m-[0m[0m propagating_vgws = [] [90m-> null[0m[0m
      [31m-[0m[0m route            = [] [90m-> null[0m[0m
      [31m-[0m[0m tags             = {
          [31m-[0m[0m "Name" = "prod-Pri-RT-chirag"
        } [90m-> null[0m[0m
      [31m-[0m[0m tags_all         = {
          [31m-[0m[0m "Name" = "prod-Pri-RT-chirag"
        } [90m-> null[0m[0m
      [31m-[0m[0m vpc_id           = "vpc-0ca3c47bffdc684f7" [90m-> null[0m[0m
    }

[1m  # module.vpc.aws_route_table.public_rt[0m will be [1m[31mdestroyed[0m
[0m  [31m-[0m[0m resource "aws_route_table" "public_rt" {
      [31m-[0m[0m arn              = "arn:aws:ec2:us-west-2:021891610828:route-table/rtb-02bdb3f19d4302347" [90m-> null[0m[0m
      [31m-[0m[0m id               = "rtb-02bdb3f19d4302347" [90m-> null[0m[0m
      [31m-[0m[0m owner_id         = "021891610828" [90m-> null[0m[0m
      [31m-[0m[0m propagating_vgws = [] [90m-> null[0m[0m
      [31m-[0m[0m route            = [
          [31m-[0m[0m {
              [31m-[0m[0m cidr_block                 = "0.0.0.0/0"
              [31m-[0m[0m gateway_id                 = "igw-0cc72736447484bf0"
                [90m# (11 unchanged attributes hidden)[0m[0m
            },
        ] [90m-> null[0m[0m
      [31m-[0m[0m tags             = {
          [31m-[0m[0m "Name" = "prod-Pub-RT-chirag"
        } [90m-> null[0m[0m
      [31m-[0m[0m tags_all         = {
          [31m-[0m[0m "Name" = "prod-Pub-RT-chirag"
        } [90m-> null[0m[0m
      [31m-[0m[0m vpc_id           = "vpc-0ca3c47bffdc684f7" [90m-> null[0m[0m
    }

[1m  # module.vpc.aws_route_table_association.private_rt_assoc1[0m will be [1m[31mdestroyed[0m
[0m  [31m-[0m[0m resource "aws_route_table_association" "private_rt_assoc1" {
      [31m-[0m[0m id             = "rtbassoc-0f6f9fda3fdf02f57" [90m-> null[0m[0m
      [31m-[0m[0m route_table_id = "rtb-0168626767fa1fed7" [90m-> null[0m[0m
      [31m-[0m[0m subnet_id      = "subnet-06fc77ba1cd89ad6d" [90m-> null[0m[0m
        [90m# (1 unchanged attribute hidden)[0m[0m
    }

[1m  # module.vpc.aws_route_table_association.private_rt_assoc2[0m will be [1m[31mdestroyed[0m
[0m  [31m-[0m[0m resource "aws_route_table_association" "private_rt_assoc2" {
      [31m-[0m[0m id             = "rtbassoc-08ab0fa32a04159b3" [90m-> null[0m[0m
      [31m-[0m[0m route_table_id = "rtb-0168626767fa1fed7" [90m-> null[0m[0m
      [31m-[0m[0m subnet_id      = "subnet-0e6fdda47fc960405" [90m-> null[0m[0m
        [90m# (1 unchanged attribute hidden)[0m[0m
    }

[1m  # module.vpc.aws_route_table_association.public_rt_association[0m will be [1m[31mdestroyed[0m
[0m  [31m-[0m[0m resource "aws_route_table_association" "public_rt_association" {
      [31m-[0m[0m id             = "rtbassoc-031636984d0621953" [90m-> null[0m[0m
      [31m-[0m[0m route_table_id = "rtb-02bdb3f19d4302347" [90m-> null[0m[0m
      [31m-[0m[0m subnet_id      = "subnet-0f16fa9715ce2d364" [90m-> null[0m[0m
        [90m# (1 unchanged attribute hidden)[0m[0m
    }

[1m  # module.vpc.aws_subnet.private_subnet1[0m will be [1m[31mdestroyed[0m
[0m  [31m-[0m[0m resource "aws_subnet" "private_subnet1" {
      [31m-[0m[0m arn                                            = "arn:aws:ec2:us-west-2:021891610828:subnet/subnet-06fc77ba1cd89ad6d" [90m-> null[0m[0m
      [31m-[0m[0m assign_ipv6_address_on_creation                = false [90m-> null[0m[0m
      [31m-[0m[0m availability_zone                              = "us-west-2a" [90m-> null[0m[0m
      [31m-[0m[0m availability_zone_id                           = "usw2-az1" [90m-> null[0m[0m
      [31m-[0m[0m cidr_block                                     = "10.2.2.0/24" [90m-> null[0m[0m
      [31m-[0m[0m enable_dns64                                   = false [90m-> null[0m[0m
      [31m-[0m[0m enable_lni_at_device_index                     = 0 [90m-> null[0m[0m
      [31m-[0m[0m enable_resource_name_dns_a_record_on_launch    = false [90m-> null[0m[0m
      [31m-[0m[0m enable_resource_name_dns_aaaa_record_on_launch = false [90m-> null[0m[0m
      [31m-[0m[0m id                                             = "subnet-06fc77ba1cd89ad6d" [90m-> null[0m[0m
      [31m-[0m[0m ipv6_native                                    = false [90m-> null[0m[0m
      [31m-[0m[0m map_customer_owned_ip_on_launch                = false [90m-> null[0m[0m
      [31m-[0m[0m map_public_ip_on_launch                        = false [90m-> null[0m[0m
      [31m-[0m[0m owner_id                                       = "021891610828" [90m-> null[0m[0m
      [31m-[0m[0m private_dns_hostname_type_on_launch            = "ip-name" [90m-> null[0m[0m
      [31m-[0m[0m tags                                           = {
          [31m-[0m[0m "Name" = "prod-Pri-Sub1-chirag"
        } [90m-> null[0m[0m
      [31m-[0m[0m tags_all                                       = {
          [31m-[0m[0m "Name" = "prod-Pri-Sub1-chirag"
        } [90m-> null[0m[0m
      [31m-[0m[0m vpc_id                                         = "vpc-0ca3c47bffdc684f7" [90m-> null[0m[0m
        [90m# (4 unchanged attributes hidden)[0m[0m
    }

[1m  # module.vpc.aws_subnet.private_subnet2[0m will be [1m[31mdestroyed[0m
[0m  [31m-[0m[0m resource "aws_subnet" "private_subnet2" {
      [31m-[0m[0m arn                                            = "arn:aws:ec2:us-west-2:021891610828:subnet/subnet-0e6fdda47fc960405" [90m-> null[0m[0m
      [31m-[0m[0m assign_ipv6_address_on_creation                = false [90m-> null[0m[0m
      [31m-[0m[0m availability_zone                              = "us-west-2b" [90m-> null[0m[0m
      [31m-[0m[0m availability_zone_id                           = "usw2-az2" [90m-> null[0m[0m
      [31m-[0m[0m cidr_block                                     = "10.2.3.0/24" [90m-> null[0m[0m
      [31m-[0m[0m enable_dns64                                   = false [90m-> null[0m[0m
      [31m-[0m[0m enable_lni_at_device_index                     = 0 [90m-> null[0m[0m
      [31m-[0m[0m enable_resource_name_dns_a_record_on_launch    = false [90m-> null[0m[0m
      [31m-[0m[0m enable_resource_name_dns_aaaa_record_on_launch = false [90m-> null[0m[0m
      [31m-[0m[0m id                                             = "subnet-0e6fdda47fc960405" [90m-> null[0m[0m
      [31m-[0m[0m ipv6_native                                    = false [90m-> null[0m[0m
      [31m-[0m[0m map_customer_owned_ip_on_launch                = false [90m-> null[0m[0m
      [31m-[0m[0m map_public_ip_on_launch                        = false [90m-> null[0m[0m
      [31m-[0m[0m owner_id                                       = "021891610828" [90m-> null[0m[0m
      [31m-[0m[0m private_dns_hostname_type_on_launch            = "ip-name" [90m-> null[0m[0m
      [31m-[0m[0m tags                                           = {
          [31m-[0m[0m "Name" = "prod-Pri-Sub2-chirag"
        } [90m-> null[0m[0m
      [31m-[0m[0m tags_all                                       = {
          [31m-[0m[0m "Name" = "prod-Pri-Sub2-chirag"
        } [90m-> null[0m[0m
      [31m-[0m[0m vpc_id                                         = "vpc-0ca3c47bffdc684f7" [90m-> null[0m[0m
        [90m# (4 unchanged attributes hidden)[0m[0m
    }

[1m  # module.vpc.aws_subnet.public_subnet[0m will be [1m[31mdestroyed[0m
[0m  [31m-[0m[0m resource "aws_subnet" "public_subnet" {
      [31m-[0m[0m arn                                            = "arn:aws:ec2:us-west-2:021891610828:subnet/subnet-0f16fa9715ce2d364" [90m-> null[0m[0m
      [31m-[0m[0m assign_ipv6_address_on_creation                = false [90m-> null[0m[0m
      [31m-[0m[0m availability_zone                              = "us-west-2a" [90m-> null[0m[0m
      [31m-[0m[0m availability_zone_id                           = "usw2-az1" [90m-> null[0m[0m
      [31m-[0m[0m cidr_block                                     = "10.2.1.0/24" [90m-> null[0m[0m
      [31m-[0m[0m enable_dns64                                   = false [90m-> null[0m[0m
      [31m-[0m[0m enable_lni_at_device_index                     = 0 [90m-> null[0m[0m
      [31m-[0m[0m enable_resource_name_dns_a_record_on_launch    = false [90m-> null[0m[0m
      [31m-[0m[0m enable_resource_name_dns_aaaa_record_on_launch = false [90m-> null[0m[0m
      [31m-[0m[0m id                                             = "subnet-0f16fa9715ce2d364" [90m-> null[0m[0m
      [31m-[0m[0m ipv6_native                                    = false [90m-> null[0m[0m
      [31m-[0m[0m map_customer_owned_ip_on_launch                = false [90m-> null[0m[0m
      [31m-[0m[0m map_public_ip_on_launch                        = true [90m-> null[0m[0m
      [31m-[0m[0m owner_id                                       = "021891610828" [90m-> null[0m[0m
      [31m-[0m[0m private_dns_hostname_type_on_launch            = "ip-name" [90m-> null[0m[0m
      [31m-[0m[0m tags                                           = {
          [31m-[0m[0m "Name" = "prod-pub-sub-chirag"
        } [90m-> null[0m[0m
      [31m-[0m[0m tags_all                                       = {
          [31m-[0m[0m "Name" = "prod-pub-sub-chirag"
        } [90m-> null[0m[0m
      [31m-[0m[0m vpc_id                                         = "vpc-0ca3c47bffdc684f7" [90m-> null[0m[0m
        [90m# (4 unchanged attributes hidden)[0m[0m
    }

[1m  # module.vpc.aws_vpc.my_vpc[0m will be [1m[31mdestroyed[0m
[0m  [31m-[0m[0m resource "aws_vpc" "my_vpc" {
      [31m-[0m[0m arn                                  = "arn:aws:ec2:us-west-2:021891610828:vpc/vpc-0ca3c47bffdc684f7" [90m-> null[0m[0m
      [31m-[0m[0m assign_generated_ipv6_cidr_block     = false [90m-> null[0m[0m
      [31m-[0m[0m cidr_block                           = "10.2.0.0/16" [90m-> null[0m[0m
      [31m-[0m[0m default_network_acl_id               = "acl-003964c8b706557d7" [90m-> null[0m[0m
      [31m-[0m[0m default_route_table_id               = "rtb-037b894a825aaa53e" [90m-> null[0m[0m
      [31m-[0m[0m default_security_group_id            = "sg-0bcd4f837cd7df577" [90m-> null[0m[0m
      [31m-[0m[0m dhcp_options_id                      = "dopt-0a0f54c7cec7d2a9a" [90m-> null[0m[0m
      [31m-[0m[0m enable_dns_hostnames                 = false [90m-> null[0m[0m
      [31m-[0m[0m enable_dns_support                   = true [90m-> null[0m[0m
      [31m-[0m[0m enable_network_address_usage_metrics = false [90m-> null[0m[0m
      [31m-[0m[0m id                                   = "vpc-0ca3c47bffdc684f7" [90m-> null[0m[0m
      [31m-[0m[0m instance_tenancy                     = "default" [90m-> null[0m[0m
      [31m-[0m[0m ipv6_netmask_length                  = 0 [90m-> null[0m[0m
      [31m-[0m[0m main_route_table_id                  = "rtb-037b894a825aaa53e" [90m-> null[0m[0m
      [31m-[0m[0m owner_id                             = "021891610828" [90m-> null[0m[0m
      [31m-[0m[0m tags                                 = {
          [31m-[0m[0m "Name" = "prod-MyVPC-chirag"
        } [90m-> null[0m[0m
      [31m-[0m[0m tags_all                             = {
          [31m-[0m[0m "Name" = "prod-MyVPC-chirag"
        } [90m-> null[0m[0m
        [90m# (4 unchanged attributes hidden)[0m[0m
    }

[1mPlan:[0m 0 to add, 0 to change, 23 to destroy.
[0m
Changes to Outputs:
  [31m-[0m[0m ec2_instance_ip = "52.12.156.44" [90m-> null[0m[0m
  [31m-[0m[0m eip_instance    = "i-083609418914c1ffd" [90m-> null[0m[0m
  [31m-[0m[0m rds_endpoint    = "terraform-20240824125732671500000005.cdwgacgseq8w.us-west-2.rds.amazonaws.com:3306" [90m-> null[0m[0m
  [31m-[0m[0m s3_bucket_arn   = "arn:aws:s3:::prod-day31-chirag" [90m-> null[0m[0m
Releasing state lock. This may take a few moments...
